0 info it worked if it ends with ok
1 verbose cli [ '/usr/local/bin/node', '/usr/local/bin/npm', 'install' ]
2 info using npm@1.2.2
3 info using node@v0.8.18
4 verbose read json /home/nick/github/spreaddit/package.json
5 verbose readDependencies using package.json deps
6 verbose install where, deps [ '/home/nick/github/spreaddit',
6 verbose install   [ 'node', 'npm', 'express', 'ejs', 'stylus' ] ]
7 verbose from cache /home/nick/github/spreaddit/package.json
8 info preinstall application-name@0.0.1
9 verbose read json /home/nick/github/spreaddit/node_modules/stylus/package.json
10 verbose read json /home/nick/github/spreaddit/node_modules/express/package.json
11 verbose read json /home/nick/github/spreaddit/node_modules/ejs/package.json
12 verbose from cache /home/nick/github/spreaddit/package.json
13 verbose readDependencies using package.json deps
14 verbose from cache /home/nick/github/spreaddit/node_modules/stylus/package.json
15 verbose read json /home/nick/github/spreaddit/node_modules/.bin/package.json
16 verbose from cache /home/nick/github/spreaddit/node_modules/express/package.json
17 verbose from cache /home/nick/github/spreaddit/node_modules/ejs/package.json
18 verbose already installed skipping express@3.1.0 /home/nick/github/spreaddit
19 verbose already installed skipping ejs@0.8.x /home/nick/github/spreaddit
20 verbose already installed skipping stylus@0.32.0 /home/nick/github/spreaddit
21 verbose cache add [ 'node@0.8.x', null ]
22 verbose cache add name=undefined spec="node@0.8.x" args=["node@0.8.x",null]
23 verbose parsed url { pathname: 'node@0.8.x',
23 verbose parsed url   path: 'node@0.8.x',
23 verbose parsed url   href: 'node@0.8.x' }
24 verbose cache add name="node" spec="0.8.x" args=["node","0.8.x"]
25 verbose parsed url { pathname: '0.8.x', path: '0.8.x', href: '0.8.x' }
26 verbose addNamed [ 'node', '0.8.x' ]
27 verbose addNamed [ null, '>=0.8.0- <0.9.0-' ]
28 verbose cache add [ 'npm@1.2.x', null ]
29 verbose cache add name=undefined spec="npm@1.2.x" args=["npm@1.2.x",null]
30 verbose parsed url { pathname: 'npm@1.2.x', path: 'npm@1.2.x', href: 'npm@1.2.x' }
31 verbose cache add name="npm" spec="1.2.x" args=["npm","1.2.x"]
32 verbose parsed url { pathname: '1.2.x', path: '1.2.x', href: '1.2.x' }
33 verbose addNamed [ 'npm', '1.2.x' ]
34 verbose addNamed [ null, '>=1.2.0- <1.3.0-' ]
35 silly lockFile d60e8737-node-0-8-x node@0.8.x
36 verbose lock node@0.8.x /home/nick/.npm/d60e8737-node-0-8-x.lock
37 silly lockFile 5839ad34-npm-1-2-x npm@1.2.x
38 verbose lock npm@1.2.x /home/nick/.npm/5839ad34-npm-1-2-x.lock
39 silly addNameRange { name: 'node', range: '>=0.8.0- <0.9.0-', hasData: false }
40 silly addNameRange { name: 'npm', range: '>=1.2.0- <1.3.0-', hasData: false }
41 verbose url raw node
42 verbose url resolving [ 'https://registry.npmjs.org/', './node' ]
43 verbose url resolved https://registry.npmjs.org/node
44 info trying registry request attempt 1 at 23:26:13
45 verbose etag "3IGOUAKE2SZ5811PB3T4NP855"
46 http GET https://registry.npmjs.org/node
47 verbose url raw npm
48 verbose url resolving [ 'https://registry.npmjs.org/', './npm' ]
49 verbose url resolved https://registry.npmjs.org/npm
50 info trying registry request attempt 1 at 23:26:13
51 verbose etag "CW99PBRZAWE9NQS12MD66VPHR"
52 http GET https://registry.npmjs.org/npm
53 http 304 https://registry.npmjs.org/node
54 silly registry.get cb [ 304,
54 silly registry.get   { server: 'CouchDB/1.2.1 (Erlang OTP/R15B)',
54 silly registry.get     etag: '"3IGOUAKE2SZ5811PB3T4NP855"',
54 silly registry.get     date: 'Fri, 01 Feb 2013 12:24:30 GMT',
54 silly registry.get     'content-length': '0' } ]
55 verbose etag node from cache
56 silly addNameRange number 2 { name: 'node', range: '>=0.8.0- <0.9.0-', hasData: true }
57 silly addNameRange versions [ 'node', [ '0.0.0' ] ]
58 silly lockFile d60e8737-node-0-8-x node@0.8.x
59 error Error: No compatible version found: node@'>=0.8.0- <0.9.0-'
59 error Valid install targets:
59 error ["0.0.0"]
59 error     at installTargetsError (/usr/local/lib/node_modules/npm/lib/cache.js:674:10)
59 error     at next (/usr/local/lib/node_modules/npm/lib/cache.js:653:17)
59 error     at /usr/local/lib/node_modules/npm/lib/cache.js:633:5
59 error     at saved (/usr/local/lib/node_modules/npm/node_modules/npm-registry-client/lib/get.js:138:7)
59 error     at /usr/local/lib/node_modules/npm/node_modules/graceful-fs/graceful-fs.js:218:7
59 error     at Object.oncomplete (fs.js:297:15)
60 error If you need help, you may report this log at:
60 error     <http://github.com/isaacs/npm/issues>
60 error or email it to:
60 error     <npm-@googlegroups.com>
61 error System Linux 3.5.0-17-generic
62 error command "/usr/local/bin/node" "/usr/local/bin/npm" "install"
63 error cwd /home/nick/github/spreaddit
64 error node -v v0.8.18
65 error npm -v 1.2.2
66 verbose exit [ 1, true ]
